Source path:... handle_sp_matrices.py
Starting var:.. A = [[0.0, 1.0, 0.0, 0.0, 0.0, 0.0], [0.0, 0.0, 0.0,..., 0.0, 0.0, 1.0], [4.5, 0.0, 0.0, 0.0, 0.0, 0.0]]
16:50:19.278241 call        42 def sp2csc(A):
16:50:19.278946 line        43     Anz,IA,JA =[],[],[]
New var:....... Anz = []
New var:....... IA = []
New var:....... JA = []
16:50:19.279101 line        44     IA.append(0)
Modified var:.. IA = [0]
16:50:19.279411 line        45     nnz=0
New var:....... nnz = 0
16:50:19.279614 line        47     for j in range(len(A[0])):
New var:....... j = 0
16:50:19.279818 line        48         for i in range(len(A)):
New var:....... i = 0
16:50:19.280026 line        49             if A[i][j] != 0 :
16:50:19.280230 line        48         for i in range(len(A)):
Modified var:.. i = 1
16:50:19.280381 line        49             if A[i][j] != 0 :
16:50:19.280585 line        48         for i in range(len(A)):
Modified var:.. i = 2
16:50:19.280731 line        49             if A[i][j] != 0 :
16:50:19.280930 line        48         for i in range(len(A)):
Modified var:.. i = 3
16:50:19.281072 line        49             if A[i][j] != 0 :
16:50:19.281518 line        50                 nnz = nnz+1 # increase number of non-zeros values
Modified var:.. nnz = 1
16:50:19.281713 line        51                 Anz.append(A[i][j])
Modified var:.. Anz = [4.5]
16:50:19.281979 line        52                 JA.append(i) # append row indx
Modified var:.. JA = [3]
16:50:19.282212 line        48         for i in range(len(A)):
16:50:19.282424 line        53         IA.append(nnz)
Modified var:.. IA = [0, 1]
16:50:19.282927 line        47     for j in range(len(A[0])):
Modified var:.. j = 1
16:50:19.283157 line        48         for i in range(len(A)):
Modified var:.. i = 0
16:50:19.283371 line        49             if A[i][j] != 0 :
16:50:19.283587 line        50                 nnz = nnz+1 # increase number of non-zeros values
Modified var:.. nnz = 2
16:50:19.283744 line        51                 Anz.append(A[i][j])
Modified var:.. Anz = [4.5, 1.0]
16:50:19.283960 line        52                 JA.append(i) # append row indx
Modified var:.. JA = [3, 0]
16:50:19.284184 line        48         for i in range(len(A)):
Modified var:.. i = 1
16:50:19.284398 line        49             if A[i][j] != 0 :
16:50:19.284609 line        48         for i in range(len(A)):
Modified var:.. i = 2
16:50:19.284761 line        49             if A[i][j] != 0 :
16:50:19.284970 line        50                 nnz = nnz+1 # increase number of non-zeros values
Modified var:.. nnz = 3
16:50:19.285120 line        51                 Anz.append(A[i][j])
Modified var:.. Anz = [4.5, 1.0, 2.0]
16:50:19.285327 line        52                 JA.append(i) # append row indx
Modified var:.. JA = [3, 0, 2]
16:50:19.285536 line        48         for i in range(len(A)):
Modified var:.. i = 3
16:50:19.285743 line        49             if A[i][j] != 0 :
16:50:19.285969 line        48         for i in range(len(A)):
16:50:19.286124 line        53         IA.append(nnz)
Modified var:.. IA = [0, 1, 3]
16:50:19.286269 line        47     for j in range(len(A[0])):
Modified var:.. j = 2
16:50:19.286475 line        48         for i in range(len(A)):
Modified var:.. i = 0
16:50:19.286688 line        49             if A[i][j] != 0 :
16:50:19.286894 line        48         for i in range(len(A)):
Modified var:.. i = 1
16:50:19.287039 line        49             if A[i][j] != 0 :
16:50:19.287244 line        48         for i in range(len(A)):
Modified var:.. i = 2
16:50:19.287390 line        49             if A[i][j] != 0 :
16:50:19.287598 line        50                 nnz = nnz+1 # increase number of non-zeros values
Modified var:.. nnz = 4
16:50:19.287745 line        51                 Anz.append(A[i][j])
Modified var:.. Anz = [4.5, 1.0, 2.0, 1.0]
16:50:19.287946 line        52                 JA.append(i) # append row indx
Modified var:.. JA = [3, 0, 2, 2]
16:50:19.288150 line        48         for i in range(len(A)):
Modified var:.. i = 3
16:50:19.288355 line        49             if A[i][j] != 0 :
16:50:19.288559 line        48         for i in range(len(A)):
16:50:19.288722 line        53         IA.append(nnz)
Modified var:.. IA = [0, 1, 3, 4]
16:50:19.288870 line        47     for j in range(len(A[0])):
Modified var:.. j = 3
16:50:19.289066 line        48         for i in range(len(A)):
Modified var:.. i = 0
16:50:19.289496 line        49             if A[i][j] != 0 :
16:50:19.289707 line        48         for i in range(len(A)):
Modified var:.. i = 1
16:50:19.289854 line        49             if A[i][j] != 0 :
16:50:19.290081 line        50                 nnz = nnz+1 # increase number of non-zeros values
Modified var:.. nnz = 5
16:50:19.290240 line        51                 Anz.append(A[i][j])
Modified var:.. Anz = [4.5, 1.0, 2.0, 1.0, 3.2]
16:50:19.290448 line        52                 JA.append(i) # append row indx
Modified var:.. JA = [3, 0, 2, 2, 1]
16:50:19.290661 line        48         for i in range(len(A)):
Modified var:.. i = 2
16:50:19.290867 line        49             if A[i][j] != 0 :
16:50:19.291457 line        48         for i in range(len(A)):
Modified var:.. i = 3
16:50:19.291933 line        49             if A[i][j] != 0 :
16:50:19.292173 line        48         for i in range(len(A)):
16:50:19.292328 line        53         IA.append(nnz)
Modified var:.. IA = [0, 1, 3, 4, 5]
16:50:19.292480 line        47     for j in range(len(A[0])):
Modified var:.. j = 4
16:50:19.292691 line        48         for i in range(len(A)):
Modified var:.. i = 0
16:50:19.292900 line        49             if A[i][j] != 0 :
16:50:19.293108 line        48         for i in range(len(A)):
Modified var:.. i = 1
16:50:19.293257 line        49             if A[i][j] != 0 :
16:50:19.293462 line        48         for i in range(len(A)):
Modified var:.. i = 2
16:50:19.293611 line        49             if A[i][j] != 0 :
16:50:19.293818 line        48         for i in range(len(A)):
Modified var:.. i = 3
16:50:19.293989 line        49             if A[i][j] != 0 :
16:50:19.294202 line        48         for i in range(len(A)):
16:50:19.294355 line        53         IA.append(nnz)
Modified var:.. IA = [0, 1, 3, 4, 5, 5]
16:50:19.294507 line        47     for j in range(len(A[0])):
Modified var:.. j = 5
16:50:19.294715 line        48         for i in range(len(A)):
Modified var:.. i = 0
16:50:19.294936 line        49             if A[i][j] != 0 :
16:50:19.295176 line        48         for i in range(len(A)):
Modified var:.. i = 1
16:50:19.295337 line        49             if A[i][j] != 0 :
16:50:19.295542 line        48         for i in range(len(A)):
Modified var:.. i = 2
16:50:19.295768 line        49             if A[i][j] != 0 :
16:50:19.295986 line        50                 nnz = nnz+1 # increase number of non-zeros values
Modified var:.. nnz = 6
16:50:19.296143 line        51                 Anz.append(A[i][j])

    -> Modified var:.. Anz = [4.5, 1.0, 2.0, 1.0, 3.2, 1.0]

16:50:19.296349 line        52                 JA.append(i) # append row indx

    -> Modified var:.. JA = [3, 0, 2, 2, 1, 2]

16:50:19.296563 line        48         for i in range(len(A)):
Modified var:.. i = 3
16:50:19.297211 line        49             if A[i][j] != 0 :
16:50:19.297554 line        48         for i in range(len(A)):
16:50:19.297754 line        53         IA.append(nnz)

    -> Modified var:.. IA = [0, 1, 3, 4, 5, 5, 6]

16:50:19.297960 line        47     for j in range(len(A[0])):
16:50:19.298183 line        56     return(Anz,JA,IA)
16:50:19.298339 return      56     return(Anz,JA,IA)


-> Return value:.. ([4.5, 1.0, 2.0, 1.0, 3.2, 1.0], [3, 0, 2, 2, 1, 2], [0, 1, 3, 4, 5, 5, 6])
Elapsed time: 00:00:00.020379
